<?xml version="1.0" encoding="UTF-8"?>
<!-- Generated by org.testng.reporters.JUnitReportReporter -->
<testsuite hostname="HP" failures="0" tests="8" name="com.cumcumber.MyProject_DemoBlaze.TestRunner" time="235.847" errors="0" timestamp="2023-04-23T16:21:04 IST" skipped="0">
  <testcase classname="com.cumcumber.MyProject_DemoBlaze.TestRunner" name="runScenario" time="39.683"/>
  <system-out>
    <![CDATA[Screenshot taken
Screenshot taken
Screenshot taken
Screenshot taken
Screenshot taken
Screenshot taken]]>
  </system-out>
  <testcase classname="com.cumcumber.MyProject_DemoBlaze.TestRunner" name="runScenario" time="16.805"/>
  <system-out>
    <![CDATA[Screenshot taken
Screenshot taken]]>
  </system-out>
  <testcase classname="com.cumcumber.MyProject_DemoBlaze.TestRunner" name="runScenario" time="13.651"/>
  <system-out>
    <![CDATA[Screenshot taken]]>
  </system-out>
  <testcase classname="com.cumcumber.MyProject_DemoBlaze.TestRunner" name="runScenario" time="45.121"/>
  <system-out>
    <![CDATA[Screenshot taken
Screenshot taken
Screenshot taken
Screenshot taken
Screenshot taken
Screenshot taken]]>
  </system-out>
  <testcase classname="com.cumcumber.MyProject_DemoBlaze.TestRunner" name="runScenario" time="29.479"/>
  <system-out>
    <![CDATA[Screenshot taken
Screenshot taken
Screenshot taken
Screenshot taken
Screenshot taken]]>
  </system-out>
  <testcase classname="com.cumcumber.MyProject_DemoBlaze.TestRunner" name="runScenario" time="13.016"/>
  <system-out>
    <![CDATA[Screenshot taken
Screenshot taken]]>
  </system-out>
  <testcase classname="com.cumcumber.MyProject_DemoBlaze.TestRunner" name="runScenario" time="39.725"/>
  <system-out>
    <![CDATA[Screenshot taken
Screenshot taken
Screenshot taken
Screenshot taken
Screenshot taken
Screenshot taken]]>
  </system-out>
  <testcase classname="com.cumcumber.MyProject_DemoBlaze.TestRunner" name="runScenario" time="38.367"/>
  <system-out>
    <![CDATA[Screenshot taken
Screenshot taken
Screenshot taken
Screenshot taken
Screenshot taken
Screenshot taken]]>
  </system-out>
</testsuite> <!-- com.cumcumber.MyProject_DemoBlaze.TestRunner -->
